Arguments: 
  C:\Program Files\nodejs\node.exe C:\Users\Matheus\AppData\Local\node\corepack\yarn\1.22.19\bin\yarn.js

PATH: 
  C:\Program Files (x86)\NVIDIA Corporation\PhysX\Common;C:\Program Files (x86)\Common Files\Oracle\Java\javapath;C:\Python311\Scripts\;C:\Python311\;C:\WINDOWS\system32;C:\WINDOWS;C:\WINDOWS\System32\Wbem;C:\WINDOWS\System32\WindowsPowerShell\v1.0\;C:\WINDOWS\System32\OpenSSH\;C:\Program Files\nodejs\;C:\ProgramData\chocolatey\bin;C:\Program Files\Git\cmd;C:\Program Files\dotnet\;C:\Users\Matheus\AppData\Local\Microsoft\WindowsApps;C:\Users\Matheus\AppData\Local\Programs\Microsoft VS Code\bin;C:\Users\Matheus\AppData\Roaming\npm;C:\msys64\mingw64\bin;C:\Users\Matheus\AppData\Local\Programs\Hyper\resources\bin

Yarn version: 
  1.22.19

Node version: 
  18.14.0

Platform: 
  win32 x64

Trace: 
  Error: EPERM: operation not permitted, unlink 'C:\Dev\api-solid-nodejs\node_modules\@esbuild\win32-x64\esbuild.exe'

npm manifest: 
  {
    "name": "api-solid-nodejs",
    "version": "1.0.0",
    "description": "",
    "main": "index.js",
    "scripts": {
      "dev": "tsx watch src/server.ts",
      "start": "node build/server.js",
      "build": "tsup src --out-dir build"
    },
    "keywords": [],
    "author": "",
    "license": "ISC",
    "devDependencies": {
      "@types/node": "^20.6.3",
      "eslint": "8.49.0",
      "tsup": "^7.2.0",
      "tsx": "^3.12.10",
      "typescript": "^5.2.2"
    },
    "dependencies": {
      "dotenv": "16.3.1",
      "fastify": "^4.23.2",
      "zod": "3.22.2"
    }
  }

yarn manifest: 
  No manifest

Lockfile: 
  No lockfile
